<?xml version="1.0" encoding="UTF-8"?>
<testng-results total="1" passed="1" failed="0" skipped="0">
  <reporter-output>
  </reporter-output>
  <suite started-at="2019-04-20T17:44:00Z" name="Default suite" finished-at="2019-04-20T17:44:01Z" duration-ms="1056">
    <groups>
    </groups>
    <test started-at="2019-04-20T17:44:00Z" name="Default test" finished-at="2019-04-20T17:44:01Z" duration-ms="1056">
      <class name="api.TestCases.DeleteAPITest">
        <test-method is-config="true" signature="setup()[pri:0, instance:api.TestCases.DeleteAPITest@74e52ef6]" started-at="2019-04-20T18:44:00Z" name="setup" finished-at="2019-04-20T18:44:00Z" duration-ms="16" status="PASS">
          <reporter-output>
          </reporter-output>
        </test-method> <!-- setup -->
        <test-method signature="deleteTest()[pri:0, instance:api.TestCases.DeleteAPITest@74e52ef6]" started-at="2019-04-20T18:44:00Z" name="deleteTest" finished-at="2019-04-20T18:44:01Z" duration-ms="1017" status="PASS">
          <reporter-output>
          </reporter-output>
        </test-method> <!-- deleteTest -->
      </class> <!-- api.TestCases.DeleteAPITest -->
    </test> <!-- Default test -->
  </suite> <!-- Default suite -->
</testng-results>
